[2019-09-05 19:18:53.934] [sharedprocess] [info] main {"machineId":"dcbea4467c2aa74b35eacf7e938f1b3333990968432e26478df08f62b89fdc05"}
[2019-09-05 19:18:54.564] [sharedprocess] [info] Scanned user extensions: 11
[2019-09-05 19:18:55.483] [sharedprocess] [info] Scanned system extensions: 88
[2019-09-05 19:19:02.517] [sharedprocess] [info] Scanned user extensions: 11
[2019-09-05 19:19:02.625] [sharedprocess] [info] Scanned system extensions: 88
[2019-09-05 19:19:03.576] [sharedprocess] [info] Scanned user extensions: 11
[2019-09-05 19:19:05.878] [sharedprocess] [info] Scanned user extensions: 11
[2019-09-05 19:19:06.015] [sharedprocess] [info] Scanned system extensions: 88
[2019-09-05 19:19:33.958] [sharedprocess] [info] Starting to clean up unused language packs.
[2019-09-05 19:24:03.618] [sharedprocess] [info] Scanned user extensions: 11
[2019-09-05 19:29:03.653] [sharedprocess] [info] Scanned user extensions: 11
[2019-09-05 19:34:03.692] [sharedprocess] [info] Scanned user extensions: 11
[2019-09-05 19:39:03.711] [sharedprocess] [info] Scanned user extensions: 11
[2019-09-05 19:44:03.745] [sharedprocess] [info] Scanned user extensions: 11
[2019-09-05 19:49:03.781] [sharedprocess] [info] Scanned user extensions: 11
[2019-09-05 19:54:03.815] [sharedprocess] [info] Scanned user extensions: 11
[2019-09-05 19:59:03.852] [sharedprocess] [info] Scanned user extensions: 11
[2019-09-05 20:04:03.891] [sharedprocess] [info] Scanned user extensions: 11
[2019-09-05 20:09:03.922] [sharedprocess] [info] Scanned user extensions: 11
[2019-09-05 20:14:03.953] [sharedprocess] [info] Scanned user extensions: 11
[2019-09-05 20:19:03.995] [sharedprocess] [info] Scanned user extensions: 11
[2019-09-05 20:24:04.012] [sharedprocess] [info] Scanned user extensions: 11
[2019-09-05 20:29:04.030] [sharedprocess] [info] Scanned user extensions: 11
[2019-09-05 20:34:04.047] [sharedprocess] [info] Scanned user extensions: 11
[2019-09-05 20:39:04.071] [sharedprocess] [info] Scanned user extensions: 11
[2019-09-05 20:44:04.103] [sharedprocess] [info] Scanned user extensions: 11
[2019-09-05 20:49:04.135] [sharedprocess] [info] Scanned user extensions: 11
[2019-09-05 20:54:04.166] [sharedprocess] [info] Scanned user extensions: 11
[2019-09-05 20:59:04.239] [sharedprocess] [info] Scanned user extensions: 11
[2019-09-05 21:04:04.267] [sharedprocess] [info] Scanned user extensions: 11
[2019-09-05 21:09:04.288] [sharedprocess] [info] Scanned user extensions: 11
[2019-09-05 21:14:04.315] [sharedprocess] [info] Scanned user extensions: 11
[2019-09-05 21:19:04.346] [sharedprocess] [info] Scanned user extensions: 11
[2019-09-05 21:24:04.376] [sharedprocess] [info] Scanned user extensions: 11
[2019-09-05 21:29:04.408] [sharedprocess] [info] Scanned user extensions: 11
[2019-09-05 21:34:04.440] [sharedprocess] [info] Scanned user extensions: 11
[2019-09-05 21:39:04.473] [sharedprocess] [info] Scanned user extensions: 11
[2019-09-05 21:44:04.503] [sharedprocess] [info] Scanned user extensions: 11
[2019-09-05 21:49:04.536] [sharedprocess] [info] Scanned user extensions: 11
[2019-09-05 21:54:04.560] [sharedprocess] [info] Scanned user extensions: 11
[2019-09-05 21:59:04.591] [sharedprocess] [info] Scanned user extensions: 11
[2019-09-05 22:04:04.619] [sharedprocess] [info] Scanned user extensions: 11
[2019-09-05 22:09:04.655] [sharedprocess] [info] Scanned user extensions: 11
[2019-09-05 22:14:04.697] [sharedprocess] [info] Scanned user extensions: 11
[2019-09-05 22:19:04.737] [sharedprocess] [info] Scanned user extensions: 11
[2019-09-05 22:24:04.779] [sharedprocess] [info] Scanned user extensions: 11
[2019-09-05 22:29:04.819] [sharedprocess] [info] Scanned user extensions: 11
[2019-09-05 22:34:04.854] [sharedprocess] [info] Scanned user extensions: 11
[2019-09-05 22:39:04.894] [sharedprocess] [info] Scanned user extensions: 11
[2019-09-05 22:44:04.928] [sharedprocess] [info] Scanned user extensions: 11
[2019-09-05 22:49:04.951] [sharedprocess] [info] Scanned user extensions: 11
[2019-09-05 22:54:04.981] [sharedprocess] [info] Scanned user extensions: 11
[2019-09-05 22:59:05.023] [sharedprocess] [info] Scanned user extensions: 11
[2019-09-05 23:04:05.061] [sharedprocess] [info] Scanned user extensions: 11
[2019-09-05 23:09:05.097] [sharedprocess] [info] Scanned user extensions: 11
[2019-09-05 23:14:05.134] [sharedprocess] [info] Scanned user extensions: 11
[2019-09-06 08:20:46.781] [sharedprocess] [info] Scanned user extensions: 11
[2019-09-06 08:25:46.805] [sharedprocess] [info] Scanned user extensions: 11
[2019-09-06 08:30:46.820] [sharedprocess] [info] Scanned user extensions: 11
[2019-09-06 08:35:46.835] [sharedprocess] [info] Scanned user extensions: 11
[2019-09-06 08:40:46.851] [sharedprocess] [info] Scanned user extensions: 11
[2019-09-06 08:45:46.864] [sharedprocess] [info] Scanned user extensions: 11
[2019-09-06 08:50:46.885] [sharedprocess] [info] Scanned user extensions: 11
[2019-09-06 08:55:46.918] [sharedprocess] [info] Scanned user extensions: 11
[2019-09-06 09:00:46.968] [sharedprocess] [info] Scanned user extensions: 11
[2019-09-06 09:05:47.000] [sharedprocess] [info] Scanned user extensions: 11
[2019-09-06 09:10:47.047] [sharedprocess] [info] Scanned user extensions: 11
[2019-09-06 09:15:47.087] [sharedprocess] [info] Scanned user extensions: 11
[2019-09-06 09:20:47.132] [sharedprocess] [info] Scanned user extensions: 11
[2019-09-06 09:25:47.173] [sharedprocess] [info] Scanned user extensions: 11
[2019-09-06 09:30:47.224] [sharedprocess] [info] Scanned user extensions: 11
[2019-09-06 09:35:47.264] [sharedprocess] [info] Scanned user extensions: 11
[2019-09-06 09:40:47.316] [sharedprocess] [info] Scanned user extensions: 11
[2019-09-06 09:45:47.354] [sharedprocess] [info] Scanned user extensions: 11
[2019-09-06 09:50:47.410] [sharedprocess] [info] Scanned user extensions: 11
[2019-09-06 09:55:47.463] [sharedprocess] [info] Scanned user extensions: 11
[2019-09-06 10:00:47.503] [sharedprocess] [info] Scanned user extensions: 11
[2019-09-06 10:05:47.575] [sharedprocess] [info] Scanned user extensions: 11
[2019-09-06 10:10:47.620] [sharedprocess] [info] Scanned user extensions: 11
[2019-09-06 10:15:47.673] [sharedprocess] [info] Scanned user extensions: 11
[2019-09-06 10:20:47.711] [sharedprocess] [info] Scanned user extensions: 11
[2019-09-06 10:25:47.762] [sharedprocess] [info] Scanned user extensions: 11
[2019-09-06 10:30:47.803] [sharedprocess] [info] Scanned user extensions: 11
[2019-09-06 10:35:47.849] [sharedprocess] [info] Scanned user extensions: 11
[2019-09-06 10:40:47.892] [sharedprocess] [info] Scanned user extensions: 11
[2019-09-06 10:45:47.928] [sharedprocess] [info] Scanned user extensions: 11
[2019-09-06 10:50:47.971] [sharedprocess] [info] Scanned user extensions: 11
[2019-09-06 10:55:48.018] [sharedprocess] [info] Scanned user extensions: 11
[2019-09-06 11:00:48.064] [sharedprocess] [info] Scanned user extensions: 11
[2019-09-06 11:05:48.091] [sharedprocess] [info] Scanned user extensions: 11
[2019-09-06 11:10:48.129] [sharedprocess] [info] Scanned user extensions: 11
[2019-09-06 11:15:48.181] [sharedprocess] [info] Scanned user extensions: 11
[2019-09-06 11:20:48.225] [sharedprocess] [info] Scanned user extensions: 11
[2019-09-06 11:25:48.275] [sharedprocess] [info] Scanned user extensions: 11
[2019-09-06 11:30:48.313] [sharedprocess] [info] Scanned user extensions: 11
[2019-09-06 11:35:48.364] [sharedprocess] [info] Scanned user extensions: 11
[2019-09-06 11:40:48.394] [sharedprocess] [info] Scanned user extensions: 11
[2019-09-06 11:45:48.437] [sharedprocess] [info] Scanned user extensions: 11
[2019-09-06 11:50:48.484] [sharedprocess] [info] Scanned user extensions: 11
[2019-09-06 11:55:48.518] [sharedprocess] [info] Scanned user extensions: 11
[2019-09-06 12:00:48.556] [sharedprocess] [info] Scanned user extensions: 11
[2019-09-06 12:05:48.614] [sharedprocess] [info] Scanned user extensions: 11
[2019-09-06 12:10:48.664] [sharedprocess] [info] Scanned user extensions: 11
[2019-09-06 12:15:48.706] [sharedprocess] [info] Scanned user extensions: 11
[2019-09-06 12:20:48.755] [sharedprocess] [info] Scanned user extensions: 11
[2019-09-06 12:25:48.796] [sharedprocess] [info] Scanned user extensions: 11
[2019-09-06 12:30:48.843] [sharedprocess] [info] Scanned user extensions: 11
[2019-09-06 12:35:48.879] [sharedprocess] [info] Scanned user extensions: 11
[2019-09-06 12:40:48.932] [sharedprocess] [info] Scanned user extensions: 11
[2019-09-06 12:45:48.972] [sharedprocess] [info] Scanned user extensions: 11
[2019-09-06 12:50:49.022] [sharedprocess] [info] Scanned user extensions: 11
[2019-09-06 12:55:49.063] [sharedprocess] [info] Scanned user extensions: 11
[2019-09-06 13:00:49.119] [sharedprocess] [info] Scanned user extensions: 11
[2019-09-06 13:05:49.156] [sharedprocess] [info] Scanned user extensions: 11
[2019-09-06 13:10:49.209] [sharedprocess] [info] Scanned user extensions: 11
[2019-09-06 13:15:49.260] [sharedprocess] [info] Scanned user extensions: 11
[2019-09-06 13:20:49.304] [sharedprocess] [info] Scanned user extensions: 11
[2019-09-06 13:25:49.354] [sharedprocess] [info] Scanned user extensions: 11
[2019-09-06 13:30:49.393] [sharedprocess] [info] Scanned user extensions: 11
[2019-09-06 13:35:49.442] [sharedprocess] [info] Scanned user extensions: 11
[2019-09-06 13:40:49.482] [sharedprocess] [info] Scanned user extensions: 11
[2019-09-06 13:45:49.532] [sharedprocess] [info] Scanned user extensions: 11
[2019-09-06 13:50:49.571] [sharedprocess] [info] Scanned user extensions: 11
[2019-09-06 13:55:49.616] [sharedprocess] [info] Scanned user extensions: 11
[2019-09-06 14:00:49.658] [sharedprocess] [info] Scanned user extensions: 11
[2019-09-06 14:05:49.709] [sharedprocess] [info] Scanned user extensions: 11
[2019-09-06 14:10:49.751] [sharedprocess] [info] Scanned user extensions: 11
[2019-09-06 14:15:49.799] [sharedprocess] [info] Scanned user extensions: 11
[2019-09-06 14:20:49.841] [sharedprocess] [info] Scanned user extensions: 11
[2019-09-06 14:25:49.893] [sharedprocess] [info] Scanned user extensions: 11
[2019-09-06 14:30:49.932] [sharedprocess] [info] Scanned user extensions: 11
[2019-09-06 14:35:49.986] [sharedprocess] [info] Scanned user extensions: 11
[2019-09-06 14:40:50.037] [sharedprocess] [info] Scanned user extensions: 11
[2019-09-06 14:45:50.079] [sharedprocess] [info] Scanned user extensions: 11
[2019-09-06 14:50:50.117] [sharedprocess] [info] Scanned user extensions: 11
[2019-09-06 14:55:50.162] [sharedprocess] [info] Scanned user extensions: 11
[2019-09-06 15:00:50.201] [sharedprocess] [info] Scanned user extensions: 11
[2019-09-06 15:05:50.252] [sharedprocess] [info] Scanned user extensions: 11
[2019-09-06 15:10:50.292] [sharedprocess] [info] Scanned user extensions: 11
[2019-09-06 15:15:50.338] [sharedprocess] [info] Scanned user extensions: 11
[2019-09-06 15:20:50.387] [sharedprocess] [info] Scanned user extensions: 11
[2019-09-06 15:25:50.434] [sharedprocess] [info] Scanned user extensions: 11
[2019-09-06 15:30:50.506] [sharedprocess] [info] Scanned user extensions: 11
[2019-09-06 15:35:50.554] [sharedprocess] [info] Scanned user extensions: 11
[2019-09-06 15:40:50.594] [sharedprocess] [info] Scanned user extensions: 11
[2019-09-06 15:45:50.643] [sharedprocess] [info] Scanned user extensions: 11
[2019-09-06 15:50:50.689] [sharedprocess] [info] Scanned user extensions: 11
[2019-09-06 15:55:50.735] [sharedprocess] [info] Scanned user extensions: 11
[2019-09-06 16:00:50.772] [sharedprocess] [info] Scanned user extensions: 11
[2019-09-06 16:05:50.821] [sharedprocess] [info] Scanned user extensions: 11
[2019-09-06 16:10:50.863] [sharedprocess] [info] Scanned user extensions: 11
[2019-09-06 16:15:50.912] [sharedprocess] [info] Scanned user extensions: 11
[2019-09-06 16:20:50.953] [sharedprocess] [info] Scanned user extensions: 11
[2019-09-06 16:25:51.002] [sharedprocess] [info] Scanned user extensions: 11
[2019-09-06 16:30:51.043] [sharedprocess] [info] Scanned user extensions: 11
[2019-09-06 16:35:51.087] [sharedprocess] [info] Scanned user extensions: 11
[2019-09-06 16:40:51.125] [sharedprocess] [info] Scanned user extensions: 11
[2019-09-06 16:45:51.164] [sharedprocess] [info] Scanned user extensions: 11
[2019-09-06 16:50:51.197] [sharedprocess] [info] Scanned user extensions: 11
[2019-09-06 16:55:51.244] [sharedprocess] [info] Scanned user extensions: 11
[2019-09-06 17:00:51.285] [sharedprocess] [info] Scanned user extensions: 11
[2019-09-06 17:05:51.319] [sharedprocess] [info] Scanned user extensions: 11
[2019-09-06 17:10:51.368] [sharedprocess] [info] Scanned user extensions: 11
[2019-09-06 17:15:51.417] [sharedprocess] [info] Scanned user extensions: 11
[2019-09-06 17:20:51.462] [sharedprocess] [info] Scanned user extensions: 11
[2019-09-06 17:25:51.513] [sharedprocess] [info] Scanned user extensions: 11
[2019-09-06 17:30:51.557] [sharedprocess] [info] Scanned user extensions: 11
[2019-09-06 17:35:51.585] [sharedprocess] [info] Scanned user extensions: 11
[2019-09-06 17:40:51.633] [sharedprocess] [info] Scanned user extensions: 11
[2019-09-06 17:45:51.676] [sharedprocess] [info] Scanned user extensions: 11
[2019-09-06 17:50:51.738] [sharedprocess] [info] Scanned user extensions: 11
[2019-09-06 17:55:51.766] [sharedprocess] [info] Scanned user extensions: 11
[2019-09-06 18:00:51.813] [sharedprocess] [info] Scanned user extensions: 11
[2019-09-06 18:05:51.848] [sharedprocess] [info] Scanned user extensions: 11
[2019-09-06 18:10:51.909] [sharedprocess] [info] Scanned user extensions: 11
[2019-09-06 18:15:51.956] [sharedprocess] [info] Scanned user extensions: 11
[2019-09-06 18:20:52.002] [sharedprocess] [info] Scanned user extensions: 11
[2019-09-06 18:25:52.050] [sharedprocess] [info] Scanned user extensions: 11
[2019-09-06 18:30:52.090] [sharedprocess] [info] Scanned user extensions: 11
[2019-09-06 18:35:52.139] [sharedprocess] [info] Scanned user extensions: 11
[2019-09-06 18:40:52.181] [sharedprocess] [info] Scanned user extensions: 11
[2019-09-06 18:45:52.223] [sharedprocess] [info] Scanned user extensions: 11
[2019-09-06 18:50:52.266] [sharedprocess] [info] Scanned user extensions: 11
[2019-09-06 18:55:52.303] [sharedprocess] [info] Scanned user extensions: 11
[2019-09-06 19:00:52.338] [sharedprocess] [info] Scanned user extensions: 11
[2019-09-06 19:05:52.384] [sharedprocess] [info] Scanned user extensions: 11
[2019-09-06 19:10:52.425] [sharedprocess] [info] Scanned user extensions: 11
[2019-09-06 19:15:52.472] [sharedprocess] [info] Scanned user extensions: 11
[2019-09-06 19:20:52.513] [sharedprocess] [info] Scanned user extensions: 11
[2019-09-06 19:25:52.545] [sharedprocess] [info] Scanned user extensions: 11
[2019-09-06 19:30:52.588] [sharedprocess] [info] Scanned user extensions: 11
[2019-09-06 19:35:52.628] [sharedprocess] [info] Scanned user extensions: 11
[2019-09-06 19:40:52.667] [sharedprocess] [info] Scanned user extensions: 11
[2019-09-06 19:45:52.713] [sharedprocess] [info] Scanned user extensions: 11
[2019-09-06 19:50:52.753] [sharedprocess] [info] Scanned user extensions: 11
[2019-09-06 19:55:52.803] [sharedprocess] [info] Scanned user extensions: 11
[2019-09-06 20:00:52.837] [sharedprocess] [info] Scanned user extensions: 11
[2019-09-06 20:05:52.855] [sharedprocess] [info] Scanned user extensions: 11
[2019-09-06 20:10:52.867] [sharedprocess] [info] Scanned user extensions: 11
[2019-09-06 20:15:52.879] [sharedprocess] [info] Scanned user extensions: 11
[2019-09-06 20:20:52.909] [sharedprocess] [info] Scanned user extensions: 11
[2019-09-06 20:25:52.933] [sharedprocess] [info] Scanned user extensions: 11
[2019-09-06 20:30:52.971] [sharedprocess] [info] Scanned user extensions: 11
[2019-09-06 20:35:53.012] [sharedprocess] [info] Scanned user extensions: 11
[2019-09-06 20:40:53.025] [sharedprocess] [info] Scanned user extensions: 11
[2019-09-06 20:45:53.050] [sharedprocess] [info] Scanned user extensions: 11
[2019-09-06 20:50:53.075] [sharedprocess] [info] Scanned user extensions: 11
[2019-09-06 20:55:53.099] [sharedprocess] [info] Scanned user extensions: 11
[2019-09-06 21:00:53.129] [sharedprocess] [info] Scanned user extensions: 11
[2019-09-06 21:05:53.158] [sharedprocess] [info] Scanned user extensions: 11
[2019-09-06 21:10:53.173] [sharedprocess] [info] Scanned user extensions: 11
[2019-09-06 21:15:53.189] [sharedprocess] [info] Scanned user extensions: 11
[2019-09-06 21:20:53.218] [sharedprocess] [info] Scanned user extensions: 11
[2019-09-06 21:25:53.243] [sharedprocess] [info] Scanned user extensions: 11
[2019-09-06 21:30:53.271] [sharedprocess] [info] Scanned user extensions: 11
[2019-09-06 21:35:53.297] [sharedprocess] [info] Scanned user extensions: 11
[2019-09-06 21:40:53.316] [sharedprocess] [info] Scanned user extensions: 11
[2019-09-06 21:45:53.343] [sharedprocess] [info] Scanned user extensions: 11
[2019-09-06 21:50:53.364] [sharedprocess] [info] Scanned user extensions: 11
[2019-09-06 21:55:53.391] [sharedprocess] [info] Scanned user extensions: 11
[2019-09-06 22:00:53.416] [sharedprocess] [info] Scanned user extensions: 11
[2019-09-06 22:05:53.436] [sharedprocess] [info] Scanned user extensions: 11
[2019-09-06 22:10:53.452] [sharedprocess] [info] Scanned user extensions: 11
[2019-09-06 22:15:53.476] [sharedprocess] [info] Scanned user extensions: 11
[2019-09-06 22:20:53.512] [sharedprocess] [info] Scanned user extensions: 11
[2019-09-06 22:25:53.537] [sharedprocess] [info] Scanned user extensions: 11
[2019-09-06 22:30:53.558] [sharedprocess] [info] Scanned user extensions: 11
[2019-09-06 22:35:53.590] [sharedprocess] [info] Scanned user extensions: 11
[2019-09-06 22:40:53.615] [sharedprocess] [info] Scanned user extensions: 11
[2019-09-06 22:45:53.656] [sharedprocess] [info] Scanned user extensions: 11
[2019-09-06 22:50:53.726] [sharedprocess] [info] Scanned user extensions: 11
[2019-09-06 22:55:53.753] [sharedprocess] [info] Scanned user extensions: 11
[2019-09-06 23:00:53.779] [sharedprocess] [info] Scanned user extensions: 11
[2019-09-06 23:05:53.813] [sharedprocess] [info] Scanned user extensions: 11
[2019-09-06 23:10:53.852] [sharedprocess] [info] Scanned user extensions: 11
[2019-09-06 23:15:53.878] [sharedprocess] [info] Scanned user extensions: 11
[2019-09-06 23:20:53.914] [sharedprocess] [info] Scanned user extensions: 11
[2019-09-06 23:25:53.929] [sharedprocess] [info] Scanned user extensions: 11
[2019-09-06 23:30:53.943] [sharedprocess] [info] Scanned user extensions: 11
[2019-09-06 23:35:53.978] [sharedprocess] [info] Scanned user extensions: 11
[2019-09-06 23:40:54.016] [sharedprocess] [info] Scanned user extensions: 11
[2019-09-06 23:45:54.063] [sharedprocess] [info] Scanned user extensions: 11
[2019-09-06 23:50:54.086] [sharedprocess] [info] Scanned user extensions: 11
[2019-09-06 23:55:54.115] [sharedprocess] [info] Scanned user extensions: 11
[2019-09-07 00:00:54.143] [sharedprocess] [info] Scanned user extensions: 11
[2019-09-07 00:05:54.174] [sharedprocess] [info] Scanned user extensions: 11
[2019-09-07 00:10:54.195] [sharedprocess] [info] Scanned user extensions: 11
[2019-09-07 00:15:54.243] [sharedprocess] [info] Scanned user extensions: 11
[2019-09-07 00:20:54.300] [sharedprocess] [info] Scanned user extensions: 11
[2019-09-07 00:25:54.333] [sharedprocess] [info] Scanned user extensions: 11
[2019-09-07 00:30:54.365] [sharedprocess] [info] Scanned user extensions: 11
[2019-09-07 00:35:54.398] [sharedprocess] [info] Scanned user extensions: 11
[2019-09-07 00:40:54.426] [sharedprocess] [info] Scanned user extensions: 11
[2019-09-07 00:45:54.460] [sharedprocess] [info] Scanned user extensions: 11
[2019-09-07 00:50:54.510] [sharedprocess] [info] Scanned user extensions: 11
[2019-09-07 07:17:24.774] [sharedprocess] [info] Scanned user extensions: 11
[2019-09-07 07:22:24.792] [sharedprocess] [info] Scanned user extensions: 11
[2019-09-07 07:27:24.804] [sharedprocess] [info] Scanned user extensions: 11
[2019-09-07 07:32:24.819] [sharedprocess] [info] Scanned user extensions: 11
[2019-09-07 07:37:24.833] [sharedprocess] [info] Scanned user extensions: 11
[2019-09-07 07:42:24.866] [sharedprocess] [info] Scanned user extensions: 11
[2019-09-07 07:47:24.896] [sharedprocess] [info] Scanned user extensions: 11
[2019-09-07 07:52:24.914] [sharedprocess] [info] Scanned user extensions: 11
[2019-09-07 07:57:24.943] [sharedprocess] [info] Scanned user extensions: 11
[2019-09-07 08:02:24.962] [sharedprocess] [info] Scanned user extensions: 11
[2019-09-07 08:07:24.993] [sharedprocess] [info] Scanned user extensions: 11
[2019-09-07 08:12:25.026] [sharedprocess] [info] Scanned user extensions: 11
[2019-09-07 08:17:25.577] [sharedprocess] [info] Scanned user extensions: 11
[2019-09-07 08:22:25.611] [sharedprocess] [info] Scanned user extensions: 11
[2019-09-07 08:27:25.646] [sharedprocess] [info] Scanned user extensions: 11
[2019-09-07 08:32:25.678] [sharedprocess] [info] Scanned user extensions: 11
[2019-09-07 08:37:25.710] [sharedprocess] [info] Scanned user extensions: 11
[2019-09-07 08:42:25.751] [sharedprocess] [info] Scanned user extensions: 11
[2019-09-07 08:47:25.778] [sharedprocess] [info] Scanned user extensions: 11
[2019-09-07 08:52:25.804] [sharedprocess] [info] Scanned user extensions: 11
[2019-09-07 08:57:25.829] [sharedprocess] [info] Scanned user extensions: 11
[2019-09-07 09:02:25.849] [sharedprocess] [info] Scanned user extensions: 11
[2019-09-07 09:07:25.872] [sharedprocess] [info] Scanned user extensions: 11
[2019-09-07 09:12:25.898] [sharedprocess] [info] Scanned user extensions: 11
[2019-09-07 09:17:25.919] [sharedprocess] [info] Scanned user extensions: 11
[2019-09-07 09:22:25.945] [sharedprocess] [info] Scanned user extensions: 11
[2019-09-07 09:27:25.974] [sharedprocess] [info] Scanned user extensions: 11
[2019-09-07 09:32:26.009] [sharedprocess] [info] Scanned user extensions: 11
[2019-09-07 09:37:26.033] [sharedprocess] [info] Scanned user extensions: 11
[2019-09-07 09:42:26.070] [sharedprocess] [info] Scanned user extensions: 11
[2019-09-07 09:47:26.103] [sharedprocess] [info] Scanned user extensions: 11
[2019-09-07 09:52:26.134] [sharedprocess] [info] Scanned user extensions: 11
[2019-09-07 09:57:26.167] [sharedprocess] [info] Scanned user extensions: 11
[2019-09-07 10:02:26.200] [sharedprocess] [info] Scanned user extensions: 11
[2019-09-07 10:07:26.243] [sharedprocess] [info] Scanned user extensions: 11
[2019-09-07 10:12:26.271] [sharedprocess] [info] Scanned user extensions: 11
[2019-09-07 10:17:26.296] [sharedprocess] [info] Scanned user extensions: 11
[2019-09-07 10:22:26.322] [sharedprocess] [info] Scanned user extensions: 11
[2019-09-07 10:27:26.351] [sharedprocess] [info] Scanned user extensions: 11
[2019-09-07 10:32:26.374] [sharedprocess] [info] Scanned user extensions: 11
[2019-09-07 10:37:26.402] [sharedprocess] [info] Scanned user extensions: 11
[2019-09-07 10:42:26.428] [sharedprocess] [info] Scanned user extensions: 11
[2019-09-07 10:47:26.457] [sharedprocess] [info] Scanned user extensions: 11
[2019-09-07 10:52:26.485] [sharedprocess] [info] Scanned user extensions: 11
[2019-09-07 10:57:26.511] [sharedprocess] [info] Scanned user extensions: 11
[2019-09-07 11:02:26.542] [sharedprocess] [info] Scanned user extensions: 11
[2019-09-07 11:07:26.569] [sharedprocess] [info] Scanned user extensions: 11
[2019-09-07 11:12:26.602] [sharedprocess] [info] Scanned user extensions: 11
[2019-09-07 11:17:26.620] [sharedprocess] [info] Scanned user extensions: 11
[2019-09-07 11:22:26.652] [sharedprocess] [info] Scanned user extensions: 11
[2019-09-07 11:27:26.703] [sharedprocess] [info] Scanned user extensions: 11
[2019-09-07 11:32:26.729] [sharedprocess] [info] Scanned user extensions: 11
[2019-09-07 11:37:26.758] [sharedprocess] [info] Scanned user extensions: 11
[2019-09-07 11:42:26.781] [sharedprocess] [info] Scanned user extensions: 11
[2019-09-07 11:47:26.804] [sharedprocess] [info] Scanned user extensions: 11
[2019-09-07 11:52:26.834] [sharedprocess] [info] Scanned user extensions: 11
[2019-09-07 11:57:26.862] [sharedprocess] [info] Scanned user extensions: 11
[2019-09-07 12:02:26.875] [sharedprocess] [info] Scanned user extensions: 11
[2019-09-07 12:07:26.889] [sharedprocess] [info] Scanned user extensions: 11
[2019-09-07 12:12:26.904] [sharedprocess] [info] Scanned user extensions: 11
[2019-09-07 12:17:26.916] [sharedprocess] [info] Scanned user extensions: 11
[2019-09-07 12:22:26.930] [sharedprocess] [info] Scanned user extensions: 11
[2019-09-07 12:27:26.943] [sharedprocess] [info] Scanned user extensions: 11
[2019-09-07 12:32:26.956] [sharedprocess] [info] Scanned user extensions: 11
[2019-09-07 12:37:26.969] [sharedprocess] [info] Scanned user extensions: 11
[2019-09-07 12:42:26.983] [sharedprocess] [info] Scanned user extensions: 11
[2019-09-07 12:47:27.003] [sharedprocess] [info] Scanned user extensions: 11
[2019-09-07 12:52:27.039] [sharedprocess] [info] Scanned user extensions: 11
[2019-09-07 12:57:27.065] [sharedprocess] [info] Scanned user extensions: 11
[2019-09-07 13:02:27.091] [sharedprocess] [info] Scanned user extensions: 11
[2019-09-07 13:07:27.118] [sharedprocess] [info] Scanned user extensions: 11
[2019-09-07 13:12:27.150] [sharedprocess] [info] Scanned user extensions: 11
[2019-09-07 13:17:27.184] [sharedprocess] [info] Scanned user extensions: 11
[2019-09-07 13:22:27.204] [sharedprocess] [info] Scanned user extensions: 11
[2019-09-07 13:27:27.222] [sharedprocess] [info] Scanned user extensions: 11
[2019-09-07 13:32:27.258] [sharedprocess] [info] Scanned user extensions: 11
[2019-09-07 13:37:27.274] [sharedprocess] [info] Scanned user extensions: 11
[2019-09-07 13:42:27.300] [sharedprocess] [info] Scanned user extensions: 11
[2019-09-07 13:47:27.335] [sharedprocess] [info] Scanned user extensions: 11
[2019-09-07 13:52:27.360] [sharedprocess] [info] Scanned user extensions: 11
[2019-09-07 13:57:27.385] [sharedprocess] [info] Scanned user extensions: 11
[2019-09-07 14:02:27.411] [sharedprocess] [info] Scanned user extensions: 11
[2019-09-07 14:07:27.441] [sharedprocess] [info] Scanned user extensions: 11
[2019-09-07 14:12:27.469] [sharedprocess] [info] Scanned user extensions: 11
[2019-09-07 14:17:27.494] [sharedprocess] [info] Scanned user extensions: 11
[2019-09-07 14:22:27.526] [sharedprocess] [info] Scanned user extensions: 11
[2019-09-07 14:27:27.549] [sharedprocess] [info] Scanned user extensions: 11
[2019-09-07 14:32:27.591] [sharedprocess] [info] Scanned user extensions: 11
[2019-09-07 14:37:27.614] [sharedprocess] [info] Scanned user extensions: 11
[2019-09-07 14:42:27.640] [sharedprocess] [info] Scanned user extensions: 11
[2019-09-07 14:47:27.673] [sharedprocess] [info] Scanned user extensions: 11
[2019-09-07 14:52:09.968] [sharedprocess] [info] Scanned user extensions: 11
[2019-09-07 14:57:09.995] [sharedprocess] [info] Scanned user extensions: 11
[2019-09-07 15:02:10.024] [sharedprocess] [info] Scanned user extensions: 11
[2019-09-07 15:07:10.052] [sharedprocess] [info] Scanned user extensions: 11
[2019-09-07 15:12:10.075] [sharedprocess] [info] Scanned user extensions: 11
[2019-09-07 15:17:10.094] [sharedprocess] [info] Scanned user extensions: 11
[2019-09-07 15:22:10.124] [sharedprocess] [info] Scanned user extensions: 11
[2019-09-07 15:27:10.156] [sharedprocess] [info] Scanned user extensions: 11
[2019-09-07 15:32:10.173] [sharedprocess] [info] Scanned user extensions: 11
[2019-09-07 15:37:10.190] [sharedprocess] [info] Scanned user extensions: 11
[2019-09-07 15:42:10.205] [sharedprocess] [info] Scanned user extensions: 11
[2019-09-07 15:47:10.233] [sharedprocess] [info] Scanned user extensions: 11
[2019-09-07 15:52:10.257] [sharedprocess] [info] Scanned user extensions: 11
[2019-09-07 15:57:10.281] [sharedprocess] [info] Scanned user extensions: 11
[2019-09-07 16:02:10.319] [sharedprocess] [info] Scanned user extensions: 11
[2019-09-07 16:07:10.350] [sharedprocess] [info] Scanned user extensions: 11
[2019-09-07 16:12:10.368] [sharedprocess] [info] Scanned user extensions: 11
[2019-09-07 16:17:10.383] [sharedprocess] [info] Scanned user extensions: 11
[2019-09-07 16:22:10.403] [sharedprocess] [info] Scanned user extensions: 11
[2019-09-07 16:27:10.419] [sharedprocess] [info] Scanned user extensions: 11
[2019-09-07 16:32:10.435] [sharedprocess] [info] Scanned user extensions: 11
[2019-09-07 16:37:10.462] [sharedprocess] [info] Scanned user extensions: 11
[2019-09-07 16:42:10.489] [sharedprocess] [info] Scanned user extensions: 11
[2019-09-07 16:47:10.508] [sharedprocess] [info] Scanned user extensions: 11
[2019-09-07 16:52:10.523] [sharedprocess] [info] Scanned user extensions: 11
[2019-09-07 16:57:10.538] [sharedprocess] [info] Scanned user extensions: 11
[2019-09-07 17:02:10.559] [sharedprocess] [info] Scanned user extensions: 11
[2019-09-07 17:07:10.575] [sharedprocess] [info] Scanned user extensions: 11
[2019-09-07 17:12:10.593] [sharedprocess] [info] Scanned user extensions: 11
[2019-09-07 17:17:10.607] [sharedprocess] [info] Scanned user extensions: 11
[2019-09-07 17:22:10.621] [sharedprocess] [info] Scanned user extensions: 11
[2019-09-07 17:27:10.634] [sharedprocess] [info] Scanned user extensions: 11
[2019-09-07 17:32:10.647] [sharedprocess] [info] Scanned user extensions: 11
[2019-09-07 17:37:10.661] [sharedprocess] [info] Scanned user extensions: 11
[2019-09-07 17:42:10.698] [sharedprocess] [info] Scanned user extensions: 11
[2019-09-07 17:47:10.730] [sharedprocess] [info] Scanned user extensions: 11
[2019-09-07 17:52:10.754] [sharedprocess] [info] Scanned user extensions: 11
[2019-09-07 17:57:10.791] [sharedprocess] [info] Scanned user extensions: 11
[2019-09-07 18:02:10.821] [sharedprocess] [info] Scanned user extensions: 11
[2019-09-07 18:07:10.863] [sharedprocess] [info] Scanned user extensions: 11
[2019-09-07 18:12:10.914] [sharedprocess] [info] Scanned user extensions: 11
[2019-09-07 18:17:10.959] [sharedprocess] [info] Scanned user extensions: 11
[2019-09-07 18:22:10.989] [sharedprocess] [info] Scanned user extensions: 11
[2019-09-07 18:27:11.016] [sharedprocess] [info] Scanned user extensions: 11
[2019-09-07 18:32:11.051] [sharedprocess] [info] Scanned user extensions: 11
[2019-09-07 18:37:11.090] [sharedprocess] [info] Scanned user extensions: 11
[2019-09-07 18:42:11.130] [sharedprocess] [info] Scanned user extensions: 11
[2019-09-07 18:47:11.158] [sharedprocess] [info] Scanned user extensions: 11
[2019-09-07 18:52:11.190] [sharedprocess] [info] Scanned user extensions: 11
[2019-09-07 18:57:11.222] [sharedprocess] [info] Scanned user extensions: 11
[2019-09-07 19:02:11.262] [sharedprocess] [info] Scanned user extensions: 11
[2019-09-07 19:07:11.297] [sharedprocess] [info] Scanned user extensions: 11
[2019-09-07 19:12:11.320] [sharedprocess] [info] Scanned user extensions: 11
[2019-09-07 19:17:11.350] [sharedprocess] [info] Scanned user extensions: 11
[2019-09-07 19:22:11.384] [sharedprocess] [info] Scanned user extensions: 11
[2019-09-07 19:27:11.411] [sharedprocess] [info] Scanned user extensions: 11
[2019-09-07 19:32:11.427] [sharedprocess] [info] Scanned user extensions: 11
[2019-09-07 19:37:11.438] [sharedprocess] [info] Scanned user extensions: 11
[2019-09-07 19:42:11.460] [sharedprocess] [info] Scanned user extensions: 11
[2019-09-07 19:47:11.485] [sharedprocess] [info] Scanned user extensions: 11
[2019-09-07 19:52:11.513] [sharedprocess] [info] Scanned user extensions: 11
[2019-09-07 19:57:11.545] [sharedprocess] [info] Scanned user extensions: 11
[2019-09-07 20:02:11.565] [sharedprocess] [info] Scanned user extensions: 11
[2019-09-07 20:07:11.591] [sharedprocess] [info] Scanned user extensions: 11
[2019-09-07 20:12:11.610] [sharedprocess] [info] Scanned user extensions: 11
[2019-09-07 20:17:11.634] [sharedprocess] [info] Scanned user extensions: 11
[2019-09-07 20:22:11.667] [sharedprocess] [info] Scanned user extensions: 11
[2019-09-07 20:27:11.695] [sharedprocess] [info] Scanned user extensions: 11
[2019-09-07 20:32:11.720] [sharedprocess] [info] Scanned user extensions: 11
[2019-09-07 20:37:11.750] [sharedprocess] [info] Scanned user extensions: 11
[2019-09-07 20:42:11.776] [sharedprocess] [info] Scanned user extensions: 11
[2019-09-07 20:47:11.803] [sharedprocess] [info] Scanned user extensions: 11
[2019-09-07 20:52:11.830] [sharedprocess] [info] Scanned user extensions: 11
[2019-09-07 20:57:11.855] [sharedprocess] [info] Scanned user extensions: 11
[2019-09-07 21:02:11.874] [sharedprocess] [info] Scanned user extensions: 11
[2019-09-07 21:07:11.902] [sharedprocess] [info] Scanned user extensions: 11
[2019-09-07 21:12:11.928] [sharedprocess] [info] Scanned user extensions: 11
[2019-09-07 21:17:11.956] [sharedprocess] [info] Scanned user extensions: 11
[2019-09-07 21:22:11.976] [sharedprocess] [info] Scanned user extensions: 11
[2019-09-07 21:27:11.996] [sharedprocess] [info] Scanned user extensions: 11
[2019-09-07 21:32:12.025] [sharedprocess] [info] Scanned user extensions: 11
[2019-09-07 21:37:12.047] [sharedprocess] [info] Scanned user extensions: 11
[2019-09-07 21:42:12.081] [sharedprocess] [info] Scanned user extensions: 11
[2019-09-07 21:47:12.105] [sharedprocess] [info] Scanned user extensions: 11
[2019-09-07 21:52:12.140] [sharedprocess] [info] Scanned user extensions: 11
[2019-09-07 21:57:12.167] [sharedprocess] [info] Scanned user extensions: 11
[2019-09-07 22:02:12.200] [sharedprocess] [info] Scanned user extensions: 11
[2019-09-07 22:07:12.221] [sharedprocess] [info] Scanned user extensions: 11
[2019-09-07 22:12:12.249] [sharedprocess] [info] Scanned user extensions: 11
[2019-09-07 22:17:12.278] [sharedprocess] [info] Scanned user extensions: 11
[2019-09-07 22:22:12.311] [sharedprocess] [info] Scanned user extensions: 11
[2019-09-07 22:27:12.338] [sharedprocess] [info] Scanned user extensions: 11
[2019-09-07 22:32:12.368] [sharedprocess] [info] Scanned user extensions: 11
[2019-09-07 22:37:12.401] [sharedprocess] [info] Scanned user extensions: 11
[2019-09-07 22:42:12.421] [sharedprocess] [info] Scanned user extensions: 11
[2019-09-07 22:47:12.449] [sharedprocess] [info] Scanned user extensions: 11
[2019-09-07 22:52:12.485] [sharedprocess] [info] Scanned user extensions: 11
[2019-09-07 22:57:12.512] [sharedprocess] [info] Scanned user extensions: 11
[2019-09-07 23:02:12.539] [sharedprocess] [info] Scanned user extensions: 11
[2019-09-07 23:07:12.567] [sharedprocess] [info] Scanned user extensions: 11
[2019-09-07 23:12:12.594] [sharedprocess] [info] Scanned user extensions: 11
[2019-09-07 23:17:12.624] [sharedprocess] [info] Scanned user extensions: 11
[2019-09-07 23:22:12.660] [sharedprocess] [info] Scanned user extensions: 11
[2019-09-07 23:27:12.683] [sharedprocess] [info] Scanned user extensions: 11
[2019-09-07 23:32:12.705] [sharedprocess] [info] Scanned user extensions: 11
[2019-09-07 23:37:12.752] [sharedprocess] [info] Scanned user extensions: 11
[2019-09-07 23:42:12.782] [sharedprocess] [info] Scanned user extensions: 11
[2019-09-07 23:47:12.809] [sharedprocess] [info] Scanned user extensions: 11
[2019-09-07 23:52:12.840] [sharedprocess] [info] Scanned user extensions: 11
[2019-09-07 23:57:12.866] [sharedprocess] [info] Scanned user extensions: 11
[2019-09-08 00:02:12.895] [sharedprocess] [info] Scanned user extensions: 11
[2019-09-08 00:07:12.925] [sharedprocess] [info] Scanned user extensions: 11
[2019-09-08 00:12:12.948] [sharedprocess] [info] Scanned user extensions: 11
[2019-09-08 00:17:12.978] [sharedprocess] [info] Scanned user extensions: 11
[2019-09-08 00:22:13.015] [sharedprocess] [info] Scanned user extensions: 11
[2019-09-08 00:27:13.043] [sharedprocess] [info] Scanned user extensions: 11
[2019-09-08 00:32:13.075] [sharedprocess] [info] Scanned user extensions: 11
[2019-09-08 00:37:13.107] [sharedprocess] [info] Scanned user extensions: 11
[2019-09-08 00:42:13.140] [sharedprocess] [info] Scanned user extensions: 11
[2019-09-08 00:47:13.160] [sharedprocess] [info] Scanned user extensions: 11
[2019-09-08 00:52:13.176] [sharedprocess] [info] Scanned user extensions: 11
[2019-09-08 00:57:13.192] [sharedprocess] [info] Scanned user extensions: 11
[2019-09-08 01:02:13.232] [sharedprocess] [info] Scanned user extensions: 11
[2019-09-08 01:07:13.267] [sharedprocess] [info] Scanned user extensions: 11
[2019-09-08 01:12:13.318] [sharedprocess] [info] Scanned user extensions: 11
[2019-09-08 01:17:13.346] [sharedprocess] [info] Scanned user extensions: 11
[2019-09-08 04:11:17.802] [sharedprocess] [info] Scanned user extensions: 11
[2019-09-08 09:04:11.150] [sharedprocess] [info] Scanned user extensions: 11
[2019-09-08 09:09:11.183] [sharedprocess] [info] Scanned user extensions: 11
[2019-09-08 09:14:11.200] [sharedprocess] [info] Scanned user extensions: 11
[2019-09-08 09:19:11.214] [sharedprocess] [info] Scanned user extensions: 11
[2019-09-08 09:24:11.227] [sharedprocess] [info] Scanned user extensions: 11
[2019-09-08 09:29:11.240] [sharedprocess] [info] Scanned user extensions: 11
[2019-09-08 09:34:11.252] [sharedprocess] [info] Scanned user extensions: 11
[2019-09-08 09:39:11.264] [sharedprocess] [info] Scanned user extensions: 11
[2019-09-08 09:44:11.288] [sharedprocess] [info] Scanned user extensions: 11
[2019-09-08 09:49:11.305] [sharedprocess] [info] Scanned user extensions: 11
[2019-09-08 09:54:11.332] [sharedprocess] [info] Scanned user extensions: 11
[2019-09-08 09:59:11.368] [sharedprocess] [info] Scanned user extensions: 11
[2019-09-08 10:04:11.399] [sharedprocess] [info] Scanned user extensions: 11
[2019-09-08 10:09:11.422] [sharedprocess] [info] Scanned user extensions: 11
[2019-09-08 10:14:11.438] [sharedprocess] [info] Scanned user extensions: 11
[2019-09-08 10:19:11.468] [sharedprocess] [info] Scanned user extensions: 11
[2019-09-08 10:24:11.508] [sharedprocess] [info] Scanned user extensions: 11
[2019-09-08 10:29:11.549] [sharedprocess] [info] Scanned user extensions: 11
[2019-09-08 10:34:11.572] [sharedprocess] [info] Scanned user extensions: 11
[2019-09-08 10:39:11.588] [sharedprocess] [info] Scanned user extensions: 11
[2019-09-08 10:44:11.627] [sharedprocess] [info] Scanned user extensions: 11
[2019-09-08 10:49:11.653] [sharedprocess] [info] Scanned user extensions: 11
[2019-09-08 10:54:11.690] [sharedprocess] [info] Scanned user extensions: 11
[2019-09-08 10:59:11.724] [sharedprocess] [info] Scanned user extensions: 11
[2019-09-08 11:04:11.749] [sharedprocess] [info] Scanned user extensions: 11
[2019-09-08 11:09:11.776] [sharedprocess] [info] Scanned user extensions: 11
[2019-09-08 11:14:11.802] [sharedprocess] [info] Scanned user extensions: 11
[2019-09-08 11:19:11.828] [sharedprocess] [info] Scanned user extensions: 11
[2019-09-08 11:24:11.855] [sharedprocess] [info] Scanned user extensions: 11
[2019-09-08 11:29:11.881] [sharedprocess] [info] Scanned user extensions: 11
[2019-09-08 11:34:11.909] [sharedprocess] [info] Scanned user extensions: 11
[2019-09-08 11:39:11.936] [sharedprocess] [info] Scanned user extensions: 11
[2019-09-08 11:44:11.964] [sharedprocess] [info] Scanned user extensions: 11
[2019-09-08 11:49:11.992] [sharedprocess] [info] Scanned user extensions: 11
[2019-09-08 11:54:12.023] [sharedprocess] [info] Scanned user extensions: 11
[2019-09-08 11:59:12.056] [sharedprocess] [info] Scanned user extensions: 11
[2019-09-08 12:04:12.081] [sharedprocess] [info] Scanned user extensions: 11
[2019-09-08 12:09:12.106] [sharedprocess] [info] Scanned user extensions: 11
[2019-09-08 12:14:12.134] [sharedprocess] [info] Scanned user extensions: 11
[2019-09-08 12:19:12.158] [sharedprocess] [info] Scanned user extensions: 11
[2019-09-08 12:24:12.183] [sharedprocess] [info] Scanned user extensions: 11
[2019-09-08 12:29:12.213] [sharedprocess] [info] Scanned user extensions: 11
[2019-09-08 12:34:12.241] [sharedprocess] [info] Scanned user extensions: 11
[2019-09-08 12:39:12.281] [sharedprocess] [info] Scanned user extensions: 11
[2019-09-08 12:44:12.306] [sharedprocess] [info] Scanned user extensions: 11
[2019-09-08 12:49:12.331] [sharedprocess] [info] Scanned user extensions: 11
[2019-09-08 12:54:12.360] [sharedprocess] [info] Scanned user extensions: 11
[2019-09-08 13:15:16.034] [sharedprocess] [info] Scanned user extensions: 11
[2019-09-08 13:20:16.062] [sharedprocess] [info] Scanned user extensions: 11
[2019-09-08 13:25:16.090] [sharedprocess] [info] Scanned user extensions: 11
[2019-09-08 13:30:16.115] [sharedprocess] [info] Scanned user extensions: 11
[2019-09-08 13:35:16.130] [sharedprocess] [info] Scanned user extensions: 11
[2019-09-08 13:40:16.146] [sharedprocess] [info] Scanned user extensions: 11
[2019-09-08 13:45:16.167] [sharedprocess] [info] Scanned user extensions: 11
[2019-09-08 13:50:16.196] [sharedprocess] [info] Scanned user extensions: 11
[2019-09-08 13:55:16.211] [sharedprocess] [info] Scanned user extensions: 11
[2019-09-08 14:00:16.230] [sharedprocess] [info] Scanned user extensions: 11
[2019-09-08 14:05:16.251] [sharedprocess] [info] Scanned user extensions: 11
[2019-09-08 14:10:16.283] [sharedprocess] [info] Scanned user extensions: 11
[2019-09-08 14:15:16.317] [sharedprocess] [info] Scanned user extensions: 11
[2019-09-08 14:20:16.339] [sharedprocess] [info] Scanned user extensions: 11
[2019-09-08 14:25:16.355] [sharedprocess] [info] Scanned user extensions: 11
[2019-09-08 14:30:16.376] [sharedprocess] [info] Scanned user extensions: 11
[2019-09-08 14:35:16.402] [sharedprocess] [info] Scanned user extensions: 11
[2019-09-08 14:40:16.430] [sharedprocess] [info] Scanned user extensions: 11
[2019-09-08 14:45:16.454] [sharedprocess] [info] Scanned user extensions: 11
[2019-09-08 14:50:16.482] [sharedprocess] [info] Scanned user extensions: 11
[2019-09-08 14:55:16.506] [sharedprocess] [info] Scanned user extensions: 11
[2019-09-08 15:00:16.533] [sharedprocess] [info] Scanned user extensions: 11
[2019-09-08 15:05:16.566] [sharedprocess] [info] Scanned user extensions: 11
[2019-09-08 15:10:16.594] [sharedprocess] [info] Scanned user extensions: 11
[2019-09-08 15:15:16.624] [sharedprocess] [info] Scanned user extensions: 11
[2019-09-08 15:20:16.652] [sharedprocess] [info] Scanned user extensions: 11
[2019-09-08 15:25:16.676] [sharedprocess] [info] Scanned user extensions: 11
[2019-09-08 15:30:16.708] [sharedprocess] [info] Scanned user extensions: 11
[2019-09-08 15:35:16.734] [sharedprocess] [info] Scanned user extensions: 11
[2019-09-08 15:40:16.759] [sharedprocess] [info] Scanned user extensions: 11
[2019-09-08 15:45:16.787] [sharedprocess] [info] Scanned user extensions: 11
[2019-09-08 15:50:16.813] [sharedprocess] [info] Scanned user extensions: 11
[2019-09-08 15:55:16.838] [sharedprocess] [info] Scanned user extensions: 11
[2019-09-08 16:00:16.866] [sharedprocess] [info] Scanned user extensions: 11
[2019-09-08 16:05:16.892] [sharedprocess] [info] Scanned user extensions: 11
[2019-09-08 16:10:16.918] [sharedprocess] [info] Scanned user extensions: 11
[2019-09-08 16:15:16.951] [sharedprocess] [info] Scanned user extensions: 11
[2019-09-08 16:20:16.974] [sharedprocess] [info] Scanned user extensions: 11
[2019-09-08 16:25:17.000] [sharedprocess] [info] Scanned user extensions: 11
[2019-09-08 16:30:17.027] [sharedprocess] [info] Scanned user extensions: 11
[2019-09-08 16:35:17.052] [sharedprocess] [info] Scanned user extensions: 11
[2019-09-08 16:40:17.078] [sharedprocess] [info] Scanned user extensions: 11
[2019-09-08 16:45:17.106] [sharedprocess] [info] Scanned user extensions: 11
[2019-09-08 16:50:17.130] [sharedprocess] [info] Scanned user extensions: 11
[2019-09-08 16:55:17.157] [sharedprocess] [info] Scanned user extensions: 11
[2019-09-08 17:00:17.180] [sharedprocess] [info] Scanned user extensions: 11
[2019-09-08 17:05:17.199] [sharedprocess] [info] Scanned user extensions: 11
[2019-09-08 17:10:17.225] [sharedprocess] [info] Scanned user extensions: 11
[2019-09-08 17:15:17.242] [sharedprocess] [info] Scanned user extensions: 11
[2019-09-08 17:20:17.266] [sharedprocess] [info] Scanned user extensions: 11
[2019-09-08 17:25:17.292] [sharedprocess] [info] Scanned user extensions: 11
[2019-09-08 17:30:17.316] [sharedprocess] [info] Scanned user extensions: 11
[2019-09-08 17:35:17.331] [sharedprocess] [info] Scanned user extensions: 11
[2019-09-08 17:40:17.350] [sharedprocess] [info] Scanned user extensions: 11
[2019-09-08 17:45:17.394] [sharedprocess] [info] Scanned user extensions: 11
[2019-09-08 17:50:17.423] [sharedprocess] [info] Scanned user extensions: 11
[2019-09-08 17:55:17.464] [sharedprocess] [info] Scanned user extensions: 11
[2019-09-08 18:00:17.498] [sharedprocess] [info] Scanned user extensions: 11
[2019-09-08 18:05:17.523] [sharedprocess] [info] Scanned user extensions: 11
[2019-09-08 18:10:17.543] [sharedprocess] [info] Scanned user extensions: 11
[2019-09-08 18:15:17.558] [sharedprocess] [info] Scanned user extensions: 11
[2019-09-08 18:20:17.572] [sharedprocess] [info] Scanned user extensions: 11
[2019-09-08 18:25:17.602] [sharedprocess] [info] Scanned user extensions: 11
[2019-09-08 18:30:17.623] [sharedprocess] [info] Scanned user extensions: 11
[2019-09-08 18:35:17.635] [sharedprocess] [info] Scanned user extensions: 11
[2019-09-08 18:40:17.651] [sharedprocess] [info] Scanned user extensions: 11
[2019-09-08 18:45:17.680] [sharedprocess] [info] Scanned user extensions: 11
[2019-09-08 18:50:17.705] [sharedprocess] [info] Scanned user extensions: 11
[2019-09-08 18:55:17.729] [sharedprocess] [info] Scanned user extensions: 11
[2019-09-08 19:00:17.754] [sharedprocess] [info] Scanned user extensions: 11
[2019-09-08 19:05:17.779] [sharedprocess] [info] Scanned user extensions: 11
[2019-09-08 19:10:17.793] [sharedprocess] [info] Scanned user extensions: 11
[2019-09-08 19:15:17.822] [sharedprocess] [info] Scanned user extensions: 11
[2019-09-08 19:20:17.880] [sharedprocess] [info] Scanned user extensions: 11
