[2019-09-05 19:19:06.526] [exthost] [info] extension host started
[2019-09-05 19:19:07.002] [exthost] [info] extension host started
[2019-09-05 19:19:07.090] [exthost] [info] ExtensionService#_doActivateExtension christian-kohler.path-intellisense {"startup":true,"activationEvent":"*"}
[2019-09-05 19:19:07.090] [exthost] [info] ExtensionService#loadCommonJSModule C:\Users\WELCOME\.codemix\extensions\christian-kohler.path-intellisense-1.4.2\out\src\extension
[2019-09-05 19:19:07.237] [exthost] [info] ExtensionService#_doActivateExtension dbaeumer.vscode-eslint {"startup":true,"activationEvent":"*"}
[2019-09-05 19:19:07.237] [exthost] [info] ExtensionService#loadCommonJSModule C:\Users\WELCOME\.codemix\extensions\dbaeumer.vscode-eslint-1.9.0\client\out\extension
[2019-09-05 19:19:07.381] [exthost] [info] ExtensionService#_doActivateExtension vscode.debug-auto-launch {"startup":true,"activationEvent":"*"}
[2019-09-05 19:19:07.381] [exthost] [info] ExtensionService#loadCommonJSModule c:\Users\WELCOME\.p2\pool\plugins\com.genuitec.eclipse.code.engine.app.win32.x86_64_3.4.0.201908201543\engine\resources\app\extensions\debug-auto-launch\dist\extension
[2019-09-05 19:19:07.418] [exthost] [info] ExtensionService#_doActivateExtension vscode.emmet {"startup":true,"activationEvent":"*"}
[2019-09-05 19:19:07.418] [exthost] [info] ExtensionService#loadCommonJSModule c:\Users\WELCOME\.p2\pool\plugins\com.genuitec.eclipse.code.engine.app.win32.x86_64_3.4.0.201908201543\engine\resources\app\extensions\emmet\dist\extension
[2019-09-05 19:19:07.468] [exthost] [info] ExtensionService#_doActivateExtension formulahendry.auto-close-tag {"startup":true,"activationEvent":"*"}
[2019-09-05 19:19:07.468] [exthost] [info] ExtensionService#loadCommonJSModule C:\Users\WELCOME\.codemix\extensions\formulahendry.auto-close-tag-0.5.6\out\src\extension
[2019-09-05 19:19:07.494] [exthost] [info] ExtensionService#_doActivateExtension HookyQR.beautify {"startup":true,"activationEvent":"*"}
[2019-09-05 19:19:07.494] [exthost] [info] ExtensionService#loadCommonJSModule C:\Users\WELCOME\.p2\pool\plugins\com.genuitec.eclipse.code.extensions.core.win32.x86_64_3.4.0.201908201454\extensions\hookyqr.beautify-1.4.11\extension
[2019-09-05 19:19:08.433] [exthost] [info] ExtensionService#_doActivateExtension vscode.configuration-editing {"startup":false,"activationEvent":"onLanguage:jsonc"}
[2019-09-05 19:19:08.433] [exthost] [info] ExtensionService#loadCommonJSModule c:\Users\WELCOME\.p2\pool\plugins\com.genuitec.eclipse.code.engine.app.win32.x86_64_3.4.0.201908201543\engine\resources\app\extensions\configuration-editing\dist\extension
[2019-09-05 19:19:08.473] [exthost] [info] ExtensionService#_doActivateExtension vscode.json-language-features {"startup":false,"activationEvent":"onLanguage:jsonc"}
[2019-09-05 19:19:08.473] [exthost] [info] ExtensionService#loadCommonJSModule c:\Users\WELCOME\.p2\pool\plugins\com.genuitec.eclipse.code.engine.app.win32.x86_64_3.4.0.201908201543\engine\resources\app\extensions\json-language-features\client\dist\jsonMain
[2019-09-05 19:19:08.686] [exthost] [info] ExtensionService#_doActivateExtension vscode.typescript-language-features {"startup":false,"activationEvent":"onLanguage:jsonc"}
[2019-09-05 19:19:08.686] [exthost] [info] ExtensionService#loadCommonJSModule c:\Users\WELCOME\.p2\pool\plugins\com.genuitec.eclipse.code.engine.app.win32.x86_64_3.4.0.201908201543\engine\resources\app\extensions\typescript-language-features\dist\extension
[2019-09-05 19:19:08.873] [exthost] [info] ExtensionService#_doActivateExtension vscode.grunt {"startup":false,"activationEvent":"onCommand:workbench.action.tasks.runTask"}
[2019-09-05 19:19:08.874] [exthost] [info] ExtensionService#loadCommonJSModule c:\Users\WELCOME\.p2\pool\plugins\com.genuitec.eclipse.code.engine.app.win32.x86_64_3.4.0.201908201543\engine\resources\app\extensions\grunt\dist\main
[2019-09-05 19:19:08.890] [exthost] [info] ExtensionService#_doActivateExtension vscode.gulp {"startup":false,"activationEvent":"onCommand:workbench.action.tasks.runTask"}
[2019-09-05 19:19:08.890] [exthost] [info] ExtensionService#loadCommonJSModule c:\Users\WELCOME\.p2\pool\plugins\com.genuitec.eclipse.code.engine.app.win32.x86_64_3.4.0.201908201543\engine\resources\app\extensions\gulp\dist\main
[2019-09-05 19:19:08.908] [exthost] [info] ExtensionService#_doActivateExtension vscode.jake {"startup":false,"activationEvent":"onCommand:workbench.action.tasks.runTask"}
[2019-09-05 19:19:08.908] [exthost] [info] ExtensionService#loadCommonJSModule c:\Users\WELCOME\.p2\pool\plugins\com.genuitec.eclipse.code.engine.app.win32.x86_64_3.4.0.201908201543\engine\resources\app\extensions\jake\dist\main
[2019-09-05 19:19:08.930] [exthost] [info] ExtensionService#_doActivateExtension vscode.npm {"startup":false,"activationEvent":"onCommand:workbench.action.tasks.runTask"}
[2019-09-05 19:19:08.930] [exthost] [info] ExtensionService#loadCommonJSModule c:\Users\WELCOME\.p2\pool\plugins\com.genuitec.eclipse.code.engine.app.win32.x86_64_3.4.0.201908201543\engine\resources\app\extensions\npm\dist\main
[2019-09-05 19:19:09.015] [exthost] [info] eager extensions activated
